0 info it worked if it ends with ok
1 verbose cli [ '/Users/Jefri/.nvm/versions/node/v5.4.0/bin/node',
1 verbose cli   '/Users/Jefri/.nvm/versions/node/v5.4.0/bin/npm',
1 verbose cli   'run',
1 verbose cli   'start-dev' ]
2 info using npm@3.3.12
3 info using node@v5.4.0
4 verbose run-script [ 'prestart-dev', 'start-dev', 'poststart-dev' ]
5 info lifecycle PTC_Portal@1.0.0~prestart-dev: PTC_Portal@1.0.0
6 silly lifecycle PTC_Portal@1.0.0~prestart-dev: no script for prestart-dev, continuing
7 info lifecycle PTC_Portal@1.0.0~start-dev: PTC_Portal@1.0.0
8 verbose lifecycle PTC_Portal@1.0.0~start-dev: unsafe-perm in lifecycle true
9 verbose lifecycle PTC_Portal@1.0.0~start-dev: PATH: /Users/Jefri/.nvm/versions/node/v5.4.0/lib/node_modules/npm/bin/node-gyp-bin:/Users/Jefri/Projects/PTC/node_modules/.bin:/Users/Jefri/.nvm/versions/node/v5.4.0/bin:/usr/local/bin:/usr/bin:/bin:/usr/sbin:/sbin:/Users/Jefri/Projects/bin:/opt/X11/bin:/usr/local/go/bin
10 verbose lifecycle PTC_Portal@1.0.0~start-dev: CWD: /Users/Jefri/Projects/PTC
11 silly lifecycle PTC_Portal@1.0.0~start-dev: Args: [ '-c', 'NODE_ENV=development babel-node ./server/server.js' ]
12 silly lifecycle PTC_Portal@1.0.0~start-dev: Returned: code: 1  signal: null
13 info lifecycle PTC_Portal@1.0.0~start-dev: Failed to exec start-dev script
14 verbose stack Error: PTC_Portal@1.0.0 start-dev: `NODE_ENV=development babel-node ./server/server.js`
14 verbose stack Exit status 1
14 verbose stack     at EventEmitter.<anonymous> (/Users/Jefri/.nvm/versions/node/v5.4.0/lib/node_modules/npm/lib/utils/lifecycle.js:232:16)
14 verbose stack     at emitTwo (events.js:87:13)
14 verbose stack     at EventEmitter.emit (events.js:172:7)
14 verbose stack     at ChildProcess.<anonymous> (/Users/Jefri/.nvm/versions/node/v5.4.0/lib/node_modules/npm/lib/utils/spawn.js:24:14)
14 verbose stack     at emitTwo (events.js:87:13)
14 verbose stack     at ChildProcess.emit (events.js:172:7)
14 verbose stack     at maybeClose (internal/child_process.js:821:16)
14 verbose stack     at Process.ChildProcess._handle.onexit (internal/child_process.js:211:5)
15 verbose pkgid PTC_Portal@1.0.0
16 verbose cwd /Users/Jefri/Projects/PTC
17 error Darwin 15.3.0
18 error argv "/Users/Jefri/.nvm/versions/node/v5.4.0/bin/node" "/Users/Jefri/.nvm/versions/node/v5.4.0/bin/npm" "run" "start-dev"
19 error node v5.4.0
20 error npm  v3.3.12
21 error code ELIFECYCLE
22 error PTC_Portal@1.0.0 start-dev: `NODE_ENV=development babel-node ./server/server.js`
22 error Exit status 1
23 error Failed at the PTC_Portal@1.0.0 start-dev script 'NODE_ENV=development babel-node ./server/server.js'.
23 error Make sure you have the latest version of node.js and npm installed.
23 error If you do, this is most likely a problem with the PTC_Portal package,
23 error not with npm itself.
23 error Tell the author that this fails on your system:
23 error     NODE_ENV=development babel-node ./server/server.js
23 error You can get their info via:
23 error     npm owner ls PTC_Portal
23 error There is likely additional logging output above.
24 verbose exit [ 1, true ]
